2017-12-30 8:45:07 - PHP Notice:  Undefined variable: new in D:\wamp64\www\saad\system\storage\modification\admin\view\template\extension\modification.tpl on line 6
2017-12-30 8:45:07 - PHP Notice:  Undefined variable: button_new in D:\wamp64\www\saad\system\storage\modification\admin\view\template\extension\modification.tpl on line 6
2017-12-30 8:45:07 - PHP Notice:  Undefined index: edit in D:\wamp64\www\saad\system\storage\modification\admin\view\template\extension\modification.tpl on line 96
2017-12-30 8:45:07 - PHP Notice:  Undefined variable: button_edit in D:\wamp64\www\saad\system\storage\modification\admin\view\template\extension\modification.tpl on line 96
2017-12-30 8:45:07 - PHP Notice:  Undefined index: download in D:\wamp64\www\saad\system\storage\modification\admin\view\template\extension\modification.tpl on line 97
2017-12-30 8:45:07 - PHP Notice:  Undefined variable: button_download in D:\wamp64\www\saad\system\storage\modification\admin\view\template\extension\modification.tpl on line 97
2017-12-30 8:45:07 - PHP Notice:  Undefined index: edit in D:\wamp64\www\saad\system\storage\modification\admin\view\template\extension\modification.tpl on line 96
2017-12-30 8:45:07 - PHP Notice:  Undefined variable: button_edit in D:\wamp64\www\saad\system\storage\modification\admin\view\template\extension\modification.tpl on line 96
2017-12-30 8:45:07 - PHP Notice:  Undefined index: download in D:\wamp64\www\saad\system\storage\modification\admin\view\template\extension\modification.tpl on line 97
2017-12-30 8:45:07 - PHP Notice:  Undefined variable: button_download in D:\wamp64\www\saad\system\storage\modification\admin\view\template\extension\modification.tpl on line 97
2017-12-30 8:45:07 - PHP Notice:  Undefined index: edit in D:\wamp64\www\saad\system\storage\modification\admin\view\template\extension\modification.tpl on line 96
2017-12-30 8:45:07 - PHP Notice:  Undefined variable: button_edit in D:\wamp64\www\saad\system\storage\modification\admin\view\template\extension\modification.tpl on line 96
2017-12-30 8:45:07 - PHP Notice:  Undefined index: download in D:\wamp64\www\saad\system\storage\modification\admin\view\template\extension\modification.tpl on line 97
2017-12-30 8:45:07 - PHP Notice:  Undefined variable: button_download in D:\wamp64\www\saad\system\storage\modification\admin\view\template\extension\modification.tpl on line 97
2017-12-30 8:45:07 - PHP Notice:  Undefined index: edit in D:\wamp64\www\saad\system\storage\modification\admin\view\template\extension\modification.tpl on line 96
2017-12-30 8:45:07 - PHP Notice:  Undefined variable: button_edit in D:\wamp64\www\saad\system\storage\modification\admin\view\template\extension\modification.tpl on line 96
2017-12-30 8:45:07 - PHP Notice:  Undefined index: download in D:\wamp64\www\saad\system\storage\modification\admin\view\template\extension\modification.tpl on line 97
2017-12-30 8:45:07 - PHP Notice:  Undefined variable: button_download in D:\wamp64\www\saad\system\storage\modification\admin\view\template\extension\modification.tpl on line 97
2017-12-30 8:45:07 - PHP Notice:  Undefined index: edit in D:\wamp64\www\saad\system\storage\modification\admin\view\template\extension\modification.tpl on line 96
2017-12-30 8:45:07 - PHP Notice:  Undefined variable: button_edit in D:\wamp64\www\saad\system\storage\modification\admin\view\template\extension\modification.tpl on line 96
2017-12-30 8:45:07 - PHP Notice:  Undefined index: download in D:\wamp64\www\saad\system\storage\modification\admin\view\template\extension\modification.tpl on line 97
2017-12-30 8:45:07 - PHP Notice:  Undefined variable: button_download in D:\wamp64\www\saad\system\storage\modification\admin\view\template\extension\modification.tpl on line 97
2017-12-30 8:45:07 - PHP Notice:  Undefined index: edit in D:\wamp64\www\saad\system\storage\modification\admin\view\template\extension\modification.tpl on line 96
2017-12-30 8:45:07 - PHP Notice:  Undefined variable: button_edit in D:\wamp64\www\saad\system\storage\modification\admin\view\template\extension\modification.tpl on line 96
2017-12-30 8:45:07 - PHP Notice:  Undefined index: download in D:\wamp64\www\saad\system\storage\modification\admin\view\template\extension\modification.tpl on line 97
2017-12-30 8:45:07 - PHP Notice:  Undefined variable: button_download in D:\wamp64\www\saad\system\storage\modification\admin\view\template\extension\modification.tpl on line 97
2017-12-30 8:45:07 - PHP Notice:  Undefined index: edit in D:\wamp64\www\saad\system\storage\modification\admin\view\template\extension\modification.tpl on line 96
2017-12-30 8:45:07 - PHP Notice:  Undefined variable: button_edit in D:\wamp64\www\saad\system\storage\modification\admin\view\template\extension\modification.tpl on line 96
2017-12-30 8:45:07 - PHP Notice:  Undefined index: download in D:\wamp64\www\saad\system\storage\modification\admin\view\template\extension\modification.tpl on line 97
2017-12-30 8:45:07 - PHP Notice:  Undefined variable: button_download in D:\wamp64\www\saad\system\storage\modification\admin\view\template\extension\modification.tpl on line 97
2017-12-30 8:45:07 - PHP Notice:  Undefined index: edit in D:\wamp64\www\saad\system\storage\modification\admin\view\template\extension\modification.tpl on line 96
2017-12-30 8:45:07 - PHP Notice:  Undefined variable: button_edit in D:\wamp64\www\saad\system\storage\modification\admin\view\template\extension\modification.tpl on line 96
2017-12-30 8:45:07 - PHP Notice:  Undefined index: download in D:\wamp64\www\saad\system\storage\modification\admin\view\template\extension\modification.tpl on line 97
2017-12-30 8:45:07 - PHP Notice:  Undefined variable: button_download in D:\wamp64\www\saad\system\storage\modification\admin\view\template\extension\modification.tpl on line 97
2017-12-30 8:54:31 - PHP Notice:  Undefined variable: new in D:\wamp64\www\saad\system\storage\modification\admin\view\template\extension\modification.tpl on line 6
2017-12-30 8:54:31 - PHP Notice:  Undefined variable: button_new in D:\wamp64\www\saad\system\storage\modification\admin\view\template\extension\modification.tpl on line 6
2017-12-30 8:54:31 - PHP Notice:  Undefined index: edit in D:\wamp64\www\saad\system\storage\modification\admin\view\template\extension\modification.tpl on line 96
2017-12-30 8:54:31 - PHP Notice:  Undefined variable: button_edit in D:\wamp64\www\saad\system\storage\modification\admin\view\template\extension\modification.tpl on line 96
2017-12-30 8:54:31 - PHP Notice:  Undefined index: download in D:\wamp64\www\saad\system\storage\modification\admin\view\template\extension\modification.tpl on line 97
2017-12-30 8:54:31 - PHP Notice:  Undefined variable: button_download in D:\wamp64\www\saad\system\storage\modification\admin\view\template\extension\modification.tpl on line 97
2017-12-30 8:54:31 - PHP Notice:  Undefined index: edit in D:\wamp64\www\saad\system\storage\modification\admin\view\template\extension\modification.tpl on line 96
2017-12-30 8:54:31 - PHP Notice:  Undefined variable: button_edit in D:\wamp64\www\saad\system\storage\modification\admin\view\template\extension\modification.tpl on line 96
2017-12-30 8:54:31 - PHP Notice:  Undefined index: download in D:\wamp64\www\saad\system\storage\modification\admin\view\template\extension\modification.tpl on line 97
2017-12-30 8:54:31 - PHP Notice:  Undefined variable: button_download in D:\wamp64\www\saad\system\storage\modification\admin\view\template\extension\modification.tpl on line 97
2017-12-30 8:54:31 - PHP Notice:  Undefined index: edit in D:\wamp64\www\saad\system\storage\modification\admin\view\template\extension\modification.tpl on line 96
2017-12-30 8:54:31 - PHP Notice:  Undefined variable: button_edit in D:\wamp64\www\saad\system\storage\modification\admin\view\template\extension\modification.tpl on line 96
2017-12-30 8:54:31 - PHP Notice:  Undefined index: download in D:\wamp64\www\saad\system\storage\modification\admin\view\template\extension\modification.tpl on line 97
2017-12-30 8:54:31 - PHP Notice:  Undefined variable: button_download in D:\wamp64\www\saad\system\storage\modification\admin\view\template\extension\modification.tpl on line 97
2017-12-30 8:54:31 - PHP Notice:  Undefined index: edit in D:\wamp64\www\saad\system\storage\modification\admin\view\template\extension\modification.tpl on line 96
2017-12-30 8:54:31 - PHP Notice:  Undefined variable: button_edit in D:\wamp64\www\saad\system\storage\modification\admin\view\template\extension\modification.tpl on line 96
2017-12-30 8:54:31 - PHP Notice:  Undefined index: download in D:\wamp64\www\saad\system\storage\modification\admin\view\template\extension\modification.tpl on line 97
2017-12-30 8:54:31 - PHP Notice:  Undefined variable: button_download in D:\wamp64\www\saad\system\storage\modification\admin\view\template\extension\modification.tpl on line 97
2017-12-30 8:54:31 - PHP Notice:  Undefined index: edit in D:\wamp64\www\saad\system\storage\modification\admin\view\template\extension\modification.tpl on line 96
2017-12-30 8:54:31 - PHP Notice:  Undefined variable: button_edit in D:\wamp64\www\saad\system\storage\modification\admin\view\template\extension\modification.tpl on line 96
2017-12-30 8:54:31 - PHP Notice:  Undefined index: download in D:\wamp64\www\saad\system\storage\modification\admin\view\template\extension\modification.tpl on line 97
2017-12-30 8:54:31 - PHP Notice:  Undefined variable: button_download in D:\wamp64\www\saad\system\storage\modification\admin\view\template\extension\modification.tpl on line 97
2017-12-30 8:54:31 - PHP Notice:  Undefined index: edit in D:\wamp64\www\saad\system\storage\modification\admin\view\template\extension\modification.tpl on line 96
2017-12-30 8:54:31 - PHP Notice:  Undefined variable: button_edit in D:\wamp64\www\saad\system\storage\modification\admin\view\template\extension\modification.tpl on line 96
2017-12-30 8:54:31 - PHP Notice:  Undefined index: download in D:\wamp64\www\saad\system\storage\modification\admin\view\template\extension\modification.tpl on line 97
2017-12-30 8:54:31 - PHP Notice:  Undefined variable: button_download in D:\wamp64\www\saad\system\storage\modification\admin\view\template\extension\modification.tpl on line 97
2017-12-30 8:54:31 - PHP Notice:  Undefined index: edit in D:\wamp64\www\saad\system\storage\modification\admin\view\template\extension\modification.tpl on line 96
2017-12-30 8:54:31 - PHP Notice:  Undefined variable: button_edit in D:\wamp64\www\saad\system\storage\modification\admin\view\template\extension\modification.tpl on line 96
2017-12-30 8:54:31 - PHP Notice:  Undefined index: download in D:\wamp64\www\saad\system\storage\modification\admin\view\template\extension\modification.tpl on line 97
2017-12-30 8:54:31 - PHP Notice:  Undefined variable: button_download in D:\wamp64\www\saad\system\storage\modification\admin\view\template\extension\modification.tpl on line 97
2017-12-30 8:54:31 - PHP Notice:  Undefined index: edit in D:\wamp64\www\saad\system\storage\modification\admin\view\template\extension\modification.tpl on line 96
2017-12-30 8:54:31 - PHP Notice:  Undefined variable: button_edit in D:\wamp64\www\saad\system\storage\modification\admin\view\template\extension\modification.tpl on line 96
2017-12-30 8:54:31 - PHP Notice:  Undefined index: download in D:\wamp64\www\saad\system\storage\modification\admin\view\template\extension\modification.tpl on line 97
2017-12-30 8:54:31 - PHP Notice:  Undefined variable: button_download in D:\wamp64\www\saad\system\storage\modification\admin\view\template\extension\modification.tpl on line 97
2017-12-30 8:54:31 - PHP Notice:  Undefined index: edit in D:\wamp64\www\saad\system\storage\modification\admin\view\template\extension\modification.tpl on line 96
2017-12-30 8:54:31 - PHP Notice:  Undefined variable: button_edit in D:\wamp64\www\saad\system\storage\modification\admin\view\template\extension\modification.tpl on line 96
2017-12-30 8:54:31 - PHP Notice:  Undefined index: download in D:\wamp64\www\saad\system\storage\modification\admin\view\template\extension\modification.tpl on line 97
2017-12-30 8:54:31 - PHP Notice:  Undefined variable: button_download in D:\wamp64\www\saad\system\storage\modification\admin\view\template\extension\modification.tpl on line 97
